<?xml version="1.0" encoding="UTF-8"?>
<testsuites>
    <testsuite name="force.apex" timestamp="2019-04-01T14:57:58+00:00" hostname="https://chagoy-mk-dev-ed.my.salesforce.com" tests="1" failures="1"  errors="0"  time="2.62">
        <properties>
            <property name="outcome" value="Failed"/>
            <property name="testsRan" value="1"/>
            <property name="passing" value="0"/>
            <property name="failing" value="1"/>
            <property name="skipped" value="0"/>
            <property name="passRate" value="0%"/>
            <property name="failRate" value="100%"/>
            <property name="testStartTime" value="Apr 1, 2019 2:57 PM"/>
            <property name="testExecutionTime" value="2.62 s"/>
            <property name="testTotalTime" value="2.62 s"/>
            <property name="commandTime" value="6.63 s"/>
            <property name="hostname" value="https://chagoy-mk-dev-ed.my.salesforce.com"/>
            <property name="orgId" value="00DB0000000EaaQMAS"/>
            <property name="username" value="achagoy-a5r9@force.com"/>
            <property name="testRunId" value="707B0000016IWIV"/>
            <property name="userId" value="005B0000004uZnnIAE"/>
        </properties>
        <testcase name="should_create_account" classname="AccountServiceTest" time="2.62">
            <failure message="Methods defined as TestMethod do not support Web service callouts"></failure>
        </testcase>
    </testsuite>
</testsuites>
